Using pre-set license

 COMMAND LINE ARGUMENTS:
/Users/codeninjas/Documents/2020.3.3f1/Unity.app/Contents/MacOS/Unity
-adb2
-batchMode
-noUpm
-name
AssetImportWorker0
-projectPath
/Users/codeninjas/Desktop/JordanNielson/Anabel-NewSketchHead/AD-NewSketchHead
-logFile
Logs/AssetImportWorker0.log
-srvPort
57988
Successfully changed project path to: /Users/codeninjas/Desktop/JordanNielson/Anabel-NewSketchHead/AD-NewSketchHead
/Users/codeninjas/Desktop/JordanNielson/Anabel-NewSketchHead/AD-NewSketchHead
Using Asset Import Pipeline V2.
Refreshing native plugins compatible for Editor in 48.57 ms, found 2 plugins.
Preloading 0 native plugins for Editor in 0.00 ms.
Initialize engine version: 2020.3.3f1 (76626098c1c4)
[Subsystems] Discovering subsystems at path /Users/codeninjas/Documents/2020.3.3f1/Unity.app/Contents/Resources/UnitySubsystems
[Subsystems] Discovering subsystems at path /Users/codeninjas/Desktop/JordanNielson/Anabel-NewSketchHead/AD-NewSketchHead/Assets
GfxDevice: creating device client; threaded=0
2021-06-26 12:51:33.361 Unity[21990:1045578] Color LCD preferred device: Intel(R) Iris(TM) Plus Graphics 640 (low power)
2021-06-26 12:51:33.361 Unity[21990:1045578] Metal devices available: 1
2021-06-26 12:51:33.361 Unity[21990:1045578] 0: Intel(R) Iris(TM) Plus Graphics 640 (low power)
2021-06-26 12:51:33.362 Unity[21990:1045578] Using device Intel(R) Iris(TM) Plus Graphics 640 (low power)
Initializing Metal device caps: Intel(R) Iris(TM) Plus Graphics 640
Initialize mono
Mono path[0] = '/Users/codeninjas/Documents/2020.3.3f1/Unity.app/Contents/Managed'
Mono path[1] = '/Users/codeninjas/Documents/2020.3.3f1/Unity.app/Contents/MonoBleedingEdge/lib/mono/unityjit'
Mono config path = '/Users/codeninjas/Documents/2020.3.3f1/Unity.app/Contents/MonoBleedingEdge/etc'
Using monoOptions --debugger-agent=transport=dt_socket,embedding=1,server=y,suspend=n,address=127.0.0.1:56990
Begin MonoManager ReloadAssembly
Registering precompiled unity dll's ...
Register platform support module: /Users/codeninjas/Documents/2020.3.3f1/Unity.app/Contents/PlaybackEngines/MacStandaloneSupport/UnityEditor.OSXStandalone.Extensions.dll
Registered in 0.000542 seconds.
Native extension for OSXStandalone target not found
Refreshing native plugins compatible for Editor in 41.39 ms, found 2 plugins.
Preloading 0 native plugins for Editor in 0.00 ms.
Invoked RoslynAnalysisRunner static constructor.
RoslynAnalysisRunner will not be running.
RoslynAnalysisRunner has terminated.
Mono: successfully reloaded assembly
- Completed reload, in  1.862 seconds
Platform modules already initialized, skipping
Registering precompiled user dll's ...
Registered in 0.000610 seconds.
Begin MonoManager ReloadAssembly
Native extension for OSXStandalone target not found
Refreshing native plugins compatible for Editor in 61.16 ms, found 2 plugins.
Preloading 0 native plugins for Editor in 0.00 ms.
Invoked RoslynAnalysisRunner static constructor.
RoslynAnalysisRunner will not be running.
RoslynAnalysisRunner has terminated.
Mono: successfully reloaded assembly
- Completed reload, in  1.195 seconds
Platform modules already initialized, skipping
========================================================================
Worker process is ready to serve import requests
Launching external process: /Users/codeninjas/Documents/2020.3.3f1/Unity.app/Contents/Tools/UnityShaderCompiler
Launched and connected shader compiler UnityShaderCompiler after 0.03 seconds
Refreshing native plugins compatible for Editor in 0.45 ms, found 2 plugins.
Preloading 0 native plugins for Editor in 0.00 ms.
Unloading 1816 Unused Serialized files (Serialized files now loaded: 0)
System memory in use before: 144.0 MB.
System memory in use after: 144.1 MB.

Unloading 19 unused Assets to reduce memory usage. Loaded Objects now: 2264.
Total: 4.649398 ms (FindLiveObjects: 0.418641 ms CreateObjectMapping: 0.123720 ms MarkObjects: 3.907765 ms  DeleteObjects: 0.194962 ms)

========================================================================
Received Import Request.
  path: Assets/Scripts
  artifactKey: Guid(8be9db07819a43a418ef42b8b2131ac6) Importer(815301076,1909f56bfc062723c751e8b465ee728b)
Start importing Assets/Scripts using Guid(8be9db07819a43a418ef42b8b2131ac6) Importer(815301076,1909f56bfc062723c751e8b465ee728b)  -> (artifact id: 'de06512f13e93b0b75a8444685c1f9eb') in 0.007500 seconds
  Import took 0.012325 seconds .

========================================================================
Received Import Request.
  Time since last request: 0.000269 seconds.
  path: Assets/Scripts/Reset.cs
  artifactKey: Guid(9220624dcb0b78744869b9f56c91f25e) Importer(815301076,1909f56bfc062723c751e8b465ee728b)
Start importing Assets/Scripts/Reset.cs using Guid(9220624dcb0b78744869b9f56c91f25e) Importer(815301076,1909f56bfc062723c751e8b465ee728b)  -> (artifact id: '30b2cbf5d5957de4dfd1d39501d01955') in 0.049786 seconds
  Import took 0.053265 seconds .

========================================================================
Received Prepare
Registering precompiled user dll's ...
Registered in 0.000640 seconds.
Begin MonoManager ReloadAssembly
Native extension for OSXStandalone target not found
Refreshing native plugins compatible for Editor in 0.44 ms, found 2 plugins.
Preloading 0 native plugins for Editor in 0.00 ms.
Invoked RoslynAnalysisRunner static constructor.
RoslynAnalysisRunner will not be running.
RoslynAnalysisRunner has terminated.
Mono: successfully reloaded assembly
- Completed reload, in  1.070 seconds
Platform modules already initialized, skipping
Refreshing native plugins compatible for Editor in 0.38 ms, found 2 plugins.
Preloading 0 native plugins for Editor in 0.00 ms.
Unloading 1806 Unused Serialized files (Serialized files now loaded: 0)
System memory in use before: 144.7 MB.
System memory in use after: 144.8 MB.

Unloading 8 unused Assets to reduce memory usage. Loaded Objects now: 2267.
Total: 2.134724 ms (FindLiveObjects: 0.293553 ms CreateObjectMapping: 0.088467 ms MarkObjects: 1.729802 ms  DeleteObjects: 0.020546 ms)

========================================================================
Received Prepare
Registering precompiled user dll's ...
Registered in 0.000622 seconds.
Begin MonoManager ReloadAssembly
Native extension for OSXStandalone target not found
Refreshing native plugins compatible for Editor in 0.37 ms, found 2 plugins.
Preloading 0 native plugins for Editor in 0.00 ms.
Invoked RoslynAnalysisRunner static constructor.
RoslynAnalysisRunner will not be running.
RoslynAnalysisRunner has terminated.
Mono: successfully reloaded assembly
- Completed reload, in  1.022 seconds
Platform modules already initialized, skipping
Refreshing native plugins compatible for Editor in 0.37 ms, found 2 plugins.
Preloading 0 native plugins for Editor in 0.00 ms.
Unloading 1806 Unused Serialized files (Serialized files now loaded: 0)
System memory in use before: 144.9 MB.
System memory in use after: 145.0 MB.

Unloading 8 unused Assets to reduce memory usage. Loaded Objects now: 2270.
Total: 2.214451 ms (FindLiveObjects: 0.250587 ms CreateObjectMapping: 0.080037 ms MarkObjects: 1.858536 ms  DeleteObjects: 0.023794 ms)

========================================================================
Received Prepare
Registering precompiled user dll's ...
Registered in 0.000602 seconds.
Begin MonoManager ReloadAssembly
Native extension for OSXStandalone target not found
Refreshing native plugins compatible for Editor in 0.43 ms, found 2 plugins.
Preloading 0 native plugins for Editor in 0.00 ms.
Invoked RoslynAnalysisRunner static constructor.
RoslynAnalysisRunner will not be running.
RoslynAnalysisRunner has terminated.
Mono: successfully reloaded assembly
- Completed reload, in  1.025 seconds
Platform modules already initialized, skipping
Refreshing native plugins compatible for Editor in 0.36 ms, found 2 plugins.
Preloading 0 native plugins for Editor in 0.00 ms.
Unloading 1806 Unused Serialized files (Serialized files now loaded: 0)
System memory in use before: 145.1 MB.
System memory in use after: 145.2 MB.

Unloading 8 unused Assets to reduce memory usage. Loaded Objects now: 2273.
Total: 2.454199 ms (FindLiveObjects: 0.372950 ms CreateObjectMapping: 0.140152 ms MarkObjects: 1.915716 ms  DeleteObjects: 0.023154 ms)

